<?xml version="1.1" encoding="UTF-8" standalone="no"?>
<databaseChangeLog xmlns="http://www.liquibase.org/xml/ns/dbchangelog" xmlns:ext="http://www.liquibase.org/xml/ns/dbchangelog-ext" xmlns:xsi="http://www.w3.org/2001/XMLSchema-instance" xsi:schemaLocation="http://www.liquibase.org/xml/ns/dbchangelog-ext http://www.liquibase.org/xml/ns/dbchangelog/dbchangelog-ext.xsd http://www.liquibase.org/xml/ns/dbchangelog http://www.liquibase.org/xml/ns/dbchangelog/dbchangelog-3.6.xsd">
    
    <changeSet author="skyglass" id="insert-test-data-201906131944">
	   <sqlFile path="/liquibase/test-data.sql" splitStatements="false"/>
       <sqlFile path="/liquibase/test-user-data.sql" splitStatements="false"/>   
       <sqlFile path="/liquibase/test-customer-data.sql" splitStatements="false"/>               
    </changeSet>
    
     <changeSet author="skyglass" id="insert-test-data-201907111119" dbms="h2">
	   <sqlFile path="/liquibase/test-data-h2.sql" splitStatements="false"/>      
    </changeSet>   

</databaseChangeLog>
